{"/Users/yuzuriha/code/TodoApp/src/components/form.tsx": {"path":"/Users/yuzuriha/code/TodoApp/src/components/form.tsx","statementMap":{"0":{"start":{"line":10,"column":38},"end":{"line":10,"column":43}},"1":{"start":{"line":11,"column":20},"end":{"line":11,"column":25}},"2":{"start":{"line":12,"column":17},"end":{"line":12,"column":21}},"3":{"start":{"line":13,"column":1},"end":{"line":18,"column":2}},"4":{"start":{"line":21,"column":15},"end":{"line":28,"column":2}}},"fnMap":{"0":{"name":"(anonymous_0)","decl":{"start":{"line":9,"column":15},"end":{"line":9,"column":16}},"loc":{"start":{"line":9,"column":38},"end":{"line":19,"column":1}},"line":9}},"branchMap":{},"s":{"0":4,"1":4,"2":4,"3":4,"4":1},"f":{"0":4},"b":{},"_coverageSchema":"43e27e138ebf9cfc5966b082cf9a028302ed4184","hash":"96c0b3466733947b3a81499f0977166491e56ea2"}
,"/Users/yuzuriha/code/TodoApp/src/screen/Home.tsx": {"path":"/Users/yuzuriha/code/TodoApp/src/screen/Home.tsx","statementMap":{"0":{"start":{"line":5,"column":1},"end":{"line":9,"column":2}}},"fnMap":{"0":{"name":"(anonymous_0)","decl":{"start":{"line":4,"column":15},"end":{"line":4,"column":16}},"loc":{"start":{"line":4,"column":21},"end":{"line":10,"column":1}},"line":4}},"branchMap":{},"s":{"0":1},"f":{"0":1},"b":{},"_coverageSchema":"43e27e138ebf9cfc5966b082cf9a028302ed4184","hash":"7f1856c583397af595332eeb857c03f3564b630e"}
,"/Users/yuzuriha/code/TodoApp/src/screen/Login.tsx": {"path":"/Users/yuzuriha/code/TodoApp/src/screen/Login.tsx","statementMap":{"0":{"start":{"line":15,"column":18},"end":{"line":34,"column":1}},"1":{"start":{"line":16,"column":24},"end":{"line":16,"column":29}},"2":{"start":{"line":18,"column":20},"end":{"line":18,"column":35}},"3":{"start":{"line":20,"column":23},"end":{"line":22,"column":2}},"4":{"start":{"line":21,"column":2},"end":{"line":21,"column":19}},"5":{"start":{"line":24,"column":1},"end":{"line":33,"column":2}},"6":{"start":{"line":39,"column":38},"end":{"line":42,"column":3}},"7":{"start":{"line":43,"column":2},"end":{"line":43,"column":41}},"8":{"start":{"line":45,"column":2},"end":{"line":45,"column":47}},"9":{"start":{"line":47,"column":2},"end":{"line":47,"column":16}}},"fnMap":{"0":{"name":"(anonymous_0)","decl":{"start":{"line":15,"column":18},"end":{"line":15,"column":19}},"loc":{"start":{"line":15,"column":60},"end":{"line":34,"column":1}},"line":15},"1":{"name":"(anonymous_1)","decl":{"start":{"line":20,"column":23},"end":{"line":20,"column":24}},"loc":{"start":{"line":20,"column":58},"end":{"line":22,"column":2}},"line":20},"2":{"name":"(anonymous_2)","decl":{"start":{"line":38,"column":1},"end":{"line":38,"column":2}},"loc":{"start":{"line":38,"column":165},"end":{"line":48,"column":2}},"line":38}},"branchMap":{},"s":{"0":1,"1":3,"2":3,"3":3,"4":0,"5":3,"6":4,"7":4,"8":4,"9":4},"f":{"0":3,"1":0,"2":4},"b":{},"_coverageSchema":"43e27e138ebf9cfc5966b082cf9a028302ed4184","hash":"5faffd318bdb937de65b313d101c08281e237cdc"}
,"/Users/yuzuriha/code/TodoApp/src/util/string_util.tsx": {"path":"/Users/yuzuriha/code/TodoApp/src/util/string_util.tsx","statementMap":{"0":{"start":{"line":1,"column":26},"end":{"line":1,"column":96}},"1":{"start":{"line":1,"column":65},"end":{"line":1,"column":96}}},"fnMap":{"0":{"name":"(anonymous_0)","decl":{"start":{"line":1,"column":26},"end":{"line":1,"column":27}},"loc":{"start":{"line":1,"column":65},"end":{"line":1,"column":96}},"line":1}},"branchMap":{"0":{"loc":{"start":{"line":1,"column":65},"end":{"line":1,"column":96}},"type":"cond-expr","locations":[{"start":{"line":1,"column":74},"end":{"line":1,"column":84}},{"start":{"line":1,"column":87},"end":{"line":1,"column":96}}],"line":1}},"s":{"0":2,"1":10},"f":{"0":10},"b":{"0":[9,1]},"_coverageSchema":"43e27e138ebf9cfc5966b082cf9a028302ed4184","hash":"b08fcd6ef3bb1a463f2a9dadf8025cb31d44c44b"}
}
