{"/Users/yuzuriha/code/TodoApp/src/components/form.tsx": {"path":"/Users/yuzuriha/code/TodoApp/src/components/form.tsx","statementMap":{"0":{"start":{"line":9,"column":14},"end":{"line":19,"column":1}},"1":{"start":{"line":10,"column":38},"end":{"line":10,"column":43}},"2":{"start":{"line":11,"column":20},"end":{"line":11,"column":25}},"3":{"start":{"line":12,"column":17},"end":{"line":12,"column":21}},"4":{"start":{"line":13,"column":1},"end":{"line":18,"column":2}},"5":{"start":{"line":30,"column":21},"end":{"line":61,"column":1}},"6":{"start":{"line":31,"column":24},"end":{"line":31,"column":29}},"7":{"start":{"line":32,"column":27},"end":{"line":32,"column":32}},"8":{"start":{"line":34,"column":33},"end":{"line":34,"column":68}},"9":{"start":{"line":36,"column":1},"end":{"line":60,"column":2}},"10":{"start":{"line":39,"column":4},"end":{"line":57,"column":23}},"11":{"start":{"line":44,"column":22},"end":{"line":44,"column":39}},"12":{"start":{"line":46,"column":6},"end":{"line":50,"column":7}},"13":{"start":{"line":47,"column":7},"end":{"line":47,"column":32}},"14":{"start":{"line":49,"column":7},"end":{"line":49,"column":40}},"15":{"start":{"line":52,"column":6},"end":{"line":52,"column":28}},"16":{"start":{"line":54,"column":6},"end":{"line":54,"column":25}},"17":{"start":{"line":68,"column":15},"end":{"line":90,"column":2}}},"fnMap":{"0":{"name":"(anonymous_0)","decl":{"start":{"line":9,"column":14},"end":{"line":9,"column":15}},"loc":{"start":{"line":9,"column":37},"end":{"line":19,"column":1}},"line":9},"1":{"name":"(anonymous_1)","decl":{"start":{"line":30,"column":21},"end":{"line":30,"column":22}},"loc":{"start":{"line":30,"column":51},"end":{"line":61,"column":1}},"line":30},"2":{"name":"(anonymous_2)","decl":{"start":{"line":38,"column":14},"end":{"line":38,"column":15}},"loc":{"start":{"line":39,"column":4},"end":{"line":57,"column":23}},"line":39},"3":{"name":"(anonymous_3)","decl":{"start":{"line":42,"column":14},"end":{"line":42,"column":15}},"loc":{"start":{"line":42,"column":20},"end":{"line":55,"column":6}},"line":42}},"branchMap":{"0":{"loc":{"start":{"line":40,"column":30},"end":{"line":40,"column":76}},"type":"binary-expr","locations":[{"start":{"line":40,"column":30},"end":{"line":40,"column":51}},{"start":{"line":40,"column":55},"end":{"line":40,"column":76}}],"line":40},"1":{"loc":{"start":{"line":46,"column":6},"end":{"line":50,"column":7}},"type":"if","locations":[{"start":{"line":46,"column":6},"end":{"line":50,"column":7}},{"start":{"line":46,"column":6},"end":{"line":50,"column":7}}],"line":46}},"s":{"0":2,"1":4,"2":4,"3":4,"4":4,"5":2,"6":1,"7":1,"8":1,"9":1,"10":7,"11":0,"12":0,"13":0,"14":0,"15":0,"16":0,"17":2},"f":{"0":4,"1":1,"2":7,"3":0},"b":{"0":[7,0],"1":[0,0]},"_coverageSchema":"43e27e138ebf9cfc5966b082cf9a028302ed4184","hash":"06a06146a0c8818a21aefd91c9ff5c9d4e2ff493"}
,"/Users/yuzuriha/code/TodoApp/src/screen/AddTodo.tsx": {"path":"/Users/yuzuriha/code/TodoApp/src/screen/AddTodo.tsx","statementMap":{"0":{"start":{"line":9,"column":13},"end":{"line":9,"column":62}},"1":{"start":{"line":16,"column":16},"end":{"line":50,"column":1}},"2":{"start":{"line":18,"column":18},"end":{"line":18,"column":33}},"3":{"start":{"line":20,"column":14},"end":{"line":24,"column":2}},"4":{"start":{"line":21,"column":2},"end":{"line":21,"column":25}},"5":{"start":{"line":23,"column":2},"end":{"line":23,"column":10}},"6":{"start":{"line":26,"column":1},"end":{"line":49,"column":2}},"7":{"start":{"line":39,"column":37},"end":{"line":42,"column":5}},"8":{"start":{"line":55,"column":66},"end":{"line":58,"column":3}},"9":{"start":{"line":60,"column":2},"end":{"line":60,"column":79}},"10":{"start":{"line":62,"column":2},"end":{"line":62,"column":16}}},"fnMap":{"0":{"name":"(anonymous_0)","decl":{"start":{"line":16,"column":16},"end":{"line":16,"column":17}},"loc":{"start":{"line":16,"column":61},"end":{"line":50,"column":1}},"line":16},"1":{"name":"(anonymous_1)","decl":{"start":{"line":20,"column":14},"end":{"line":20,"column":15}},"loc":{"start":{"line":20,"column":28},"end":{"line":24,"column":2}},"line":20},"2":{"name":"(anonymous_2)","decl":{"start":{"line":39,"column":20},"end":{"line":39,"column":21}},"loc":{"start":{"line":39,"column":37},"end":{"line":42,"column":5}},"line":39},"3":{"name":"(anonymous_3)","decl":{"start":{"line":54,"column":1},"end":{"line":54,"column":2}},"loc":{"start":{"line":54,"column":116},"end":{"line":63,"column":2}},"line":54}},"branchMap":{"0":{"loc":{"start":{"line":60,"column":16},"end":{"line":60,"column":79}},"type":"cond-expr","locations":[{"start":{"line":60,"column":41},"end":{"line":60,"column":67}},{"start":{"line":60,"column":70},"end":{"line":60,"column":79}}],"line":60}},"s":{"0":1,"1":1,"2":2,"3":2,"4":0,"5":0,"6":2,"7":14,"8":2,"9":2,"10":2},"f":{"0":2,"1":0,"2":14,"3":2},"b":{"0":[2,0]},"_coverageSchema":"43e27e138ebf9cfc5966b082cf9a028302ed4184","hash":"57dae26af9b294ec836d2fee249a12326b0a21dd"}
,"/Users/yuzuriha/code/TodoApp/src/screen/Home.tsx": {"path":"/Users/yuzuriha/code/TodoApp/src/screen/Home.tsx","statementMap":{"0":{"start":{"line":7,"column":20},"end":{"line":7,"column":35}},"1":{"start":{"line":9,"column":1},"end":{"line":20,"column":2}},"2":{"start":{"line":14,"column":62},"end":{"line":14,"column":81}},"3":{"start":{"line":23,"column":14},"end":{"line":33,"column":2}}},"fnMap":{"0":{"name":"(anonymous_0)","decl":{"start":{"line":5,"column":15},"end":{"line":5,"column":16}},"loc":{"start":{"line":5,"column":21},"end":{"line":21,"column":1}},"line":5},"1":{"name":"(anonymous_1)","decl":{"start":{"line":14,"column":56},"end":{"line":14,"column":57}},"loc":{"start":{"line":14,"column":62},"end":{"line":14,"column":81}},"line":14}},"branchMap":{},"s":{"0":1,"1":1,"2":0,"3":1},"f":{"0":1,"1":0},"b":{},"_coverageSchema":"43e27e138ebf9cfc5966b082cf9a028302ed4184","hash":"33c1d29409ae9e62640bcffe7ca0ff13368687fa"}
,"/Users/yuzuriha/code/TodoApp/src/screen/Login.tsx": {"path":"/Users/yuzuriha/code/TodoApp/src/screen/Login.tsx","statementMap":{"0":{"start":{"line":14,"column":18},"end":{"line":33,"column":1}},"1":{"start":{"line":15,"column":24},"end":{"line":15,"column":29}},"2":{"start":{"line":17,"column":20},"end":{"line":17,"column":35}},"3":{"start":{"line":19,"column":23},"end":{"line":21,"column":2}},"4":{"start":{"line":20,"column":2},"end":{"line":20,"column":19}},"5":{"start":{"line":23,"column":1},"end":{"line":32,"column":2}},"6":{"start":{"line":38,"column":38},"end":{"line":41,"column":3}},"7":{"start":{"line":42,"column":2},"end":{"line":42,"column":41}},"8":{"start":{"line":44,"column":2},"end":{"line":44,"column":47}},"9":{"start":{"line":46,"column":2},"end":{"line":46,"column":16}}},"fnMap":{"0":{"name":"(anonymous_0)","decl":{"start":{"line":14,"column":18},"end":{"line":14,"column":19}},"loc":{"start":{"line":14,"column":60},"end":{"line":33,"column":1}},"line":14},"1":{"name":"(anonymous_1)","decl":{"start":{"line":19,"column":23},"end":{"line":19,"column":24}},"loc":{"start":{"line":19,"column":58},"end":{"line":21,"column":2}},"line":19},"2":{"name":"(anonymous_2)","decl":{"start":{"line":37,"column":1},"end":{"line":37,"column":2}},"loc":{"start":{"line":37,"column":165},"end":{"line":47,"column":2}},"line":37}},"branchMap":{},"s":{"0":1,"1":2,"2":2,"3":2,"4":0,"5":2,"6":2,"7":2,"8":2,"9":2},"f":{"0":2,"1":0,"2":2},"b":{},"_coverageSchema":"43e27e138ebf9cfc5966b082cf9a028302ed4184","hash":"a52f96e626b646040ba8df25b724b80d4dab1bab"}
,"/Users/yuzuriha/code/TodoApp/src/util/string_util.tsx": {"path":"/Users/yuzuriha/code/TodoApp/src/util/string_util.tsx","statementMap":{"0":{"start":{"line":1,"column":26},"end":{"line":1,"column":96}},"1":{"start":{"line":1,"column":65},"end":{"line":1,"column":96}}},"fnMap":{"0":{"name":"(anonymous_0)","decl":{"start":{"line":1,"column":26},"end":{"line":1,"column":27}},"loc":{"start":{"line":1,"column":65},"end":{"line":1,"column":96}},"line":1}},"branchMap":{"0":{"loc":{"start":{"line":1,"column":65},"end":{"line":1,"column":96}},"type":"cond-expr","locations":[{"start":{"line":1,"column":74},"end":{"line":1,"column":84}},{"start":{"line":1,"column":87},"end":{"line":1,"column":96}}],"line":1}},"s":{"0":2,"1":6},"f":{"0":6},"b":{"0":[5,1]},"_coverageSchema":"43e27e138ebf9cfc5966b082cf9a028302ed4184","hash":"b08fcd6ef3bb1a463f2a9dadf8025cb31d44c44b"}
}
