TN:
SF:/Users/yuzuriha/code/TodoApp/src/components/form.tsx
FN:9,(anonymous_0)
FNF:1
FNH:1
FNDA:4,(anonymous_0)
DA:10,4
DA:11,4
DA:12,4
DA:13,4
DA:21,1
LF:5
LH:5
BRF:0
BRH:0
end_of_record
TN:
SF:/Users/yuzuriha/code/TodoApp/src/screen/Home.tsx
FN:4,(anonymous_0)
FNF:1
FNH:1
FNDA:1,(anonymous_0)
DA:5,1
LF:1
LH:1
BRF:0
BRH:0
end_of_record
TN:
SF:/Users/yuzuriha/code/TodoApp/src/screen/Login.tsx
FN:15,(anonymous_0)
FN:20,(anonymous_1)
FN:38,(anonymous_2)
FNF:3
FNH:2
FNDA:3,(anonymous_0)
FNDA:0,(anonymous_1)
FNDA:4,(anonymous_2)
DA:15,1
DA:16,3
DA:18,3
DA:20,3
DA:21,0
DA:24,3
DA:39,4
DA:43,4
DA:45,4
DA:47,4
LF:10
LH:9
BRF:0
BRH:0
end_of_record
TN:
SF:/Users/yuzuriha/code/TodoApp/src/util/string_util.tsx
FN:1,(anonymous_0)
FNF:1
FNH:1
FNDA:10,(anonymous_0)
DA:1,10
LF:1
LH:1
BRDA:1,0,0,9
BRDA:1,0,1,1
BRF:2
BRH:2
end_of_record
