TN:
SF:/Users/yuzuriha/code/TodoApp/src/components/form.tsx
FN:9,(anonymous_0)
FN:30,(anonymous_1)
FN:38,(anonymous_2)
FN:42,(anonymous_3)
FNF:4
FNH:3
FNDA:4,(anonymous_0)
FNDA:1,(anonymous_1)
FNDA:7,(anonymous_2)
FNDA:0,(anonymous_3)
DA:9,2
DA:10,4
DA:11,4
DA:12,4
DA:13,4
DA:30,2
DA:31,1
DA:32,1
DA:34,1
DA:36,1
DA:39,7
DA:44,0
DA:46,0
DA:47,0
DA:49,0
DA:52,0
DA:54,0
DA:68,2
LF:18
LH:12
BRDA:40,0,0,7
BRDA:40,0,1,0
BRDA:46,1,0,0
BRDA:46,1,1,0
BRF:4
BRH:1
end_of_record
TN:
SF:/Users/yuzuriha/code/TodoApp/src/screen/AddTodo.tsx
FN:16,(anonymous_0)
FN:20,(anonymous_1)
FN:39,(anonymous_2)
FN:54,(anonymous_3)
FNF:4
FNH:3
FNDA:2,(anonymous_0)
FNDA:0,(anonymous_1)
FNDA:14,(anonymous_2)
FNDA:2,(anonymous_3)
DA:9,1
DA:16,1
DA:18,2
DA:20,2
DA:21,0
DA:23,0
DA:26,2
DA:39,14
DA:55,2
DA:60,2
DA:62,2
LF:11
LH:9
BRDA:60,0,0,2
BRDA:60,0,1,0
BRF:2
BRH:1
end_of_record
TN:
SF:/Users/yuzuriha/code/TodoApp/src/screen/Home.tsx
FN:5,(anonymous_0)
FN:14,(anonymous_1)
FNF:2
FNH:1
FNDA:1,(anonymous_0)
FNDA:0,(anonymous_1)
DA:7,1
DA:9,1
DA:14,0
DA:23,1
LF:4
LH:3
BRF:0
BRH:0
end_of_record
TN:
SF:/Users/yuzuriha/code/TodoApp/src/screen/Login.tsx
FN:14,(anonymous_0)
FN:19,(anonymous_1)
FN:37,(anonymous_2)
FNF:3
FNH:2
FNDA:2,(anonymous_0)
FNDA:0,(anonymous_1)
FNDA:2,(anonymous_2)
DA:14,1
DA:15,2
DA:17,2
DA:19,2
DA:20,0
DA:23,2
DA:38,2
DA:42,2
DA:44,2
DA:46,2
LF:10
LH:9
BRF:0
BRH:0
end_of_record
TN:
SF:/Users/yuzuriha/code/TodoApp/src/util/string_util.tsx
FN:1,(anonymous_0)
FNF:1
FNH:1
FNDA:6,(anonymous_0)
DA:1,6
LF:1
LH:1
BRDA:1,0,0,5
BRDA:1,0,1,1
BRF:2
BRH:2
end_of_record
